{"/Users/jackievb/Documents/GitHub/ai-weather-app/src/weather.js": {"path":"/Users/jackievb/Documents/GitHub/ai-weather-app/src/weather.js","statementMap":{"0":{"start":{"line":5,"column":17},"end":{"line":5,"column":106}},"1":{"start":{"line":6,"column":22},"end":{"line":6,"column":41}},"2":{"start":{"line":8,"column":2},"end":{"line":8,"column":73}},"3":{"start":{"line":8,"column":23},"end":{"line":8,"column":73}},"4":{"start":{"line":10,"column":18},"end":{"line":10,"column":42}},"5":{"start":{"line":12,"column":2},"end":{"line":14,"column":3}},"6":{"start":{"line":13,"column":4},"end":{"line":13,"column":76}},"7":{"start":{"line":16,"column":40},"end":{"line":16,"column":58}},"8":{"start":{"line":17,"column":2},"end":{"line":17,"column":39}},"9":{"start":{"line":22,"column":2},"end":{"line":44,"column":3}},"10":{"start":{"line":23,"column":4},"end":{"line":25,"column":5}},"11":{"start":{"line":24,"column":6},"end":{"line":24,"column":65}},"12":{"start":{"line":27,"column":23},"end":{"line":27,"column":128}},"13":{"start":{"line":28,"column":21},"end":{"line":28,"column":44}},"14":{"start":{"line":30,"column":4},"end":{"line":32,"column":5}},"15":{"start":{"line":31,"column":6},"end":{"line":31,"column":97}},"16":{"start":{"line":34,"column":17},"end":{"line":34,"column":38}},"17":{"start":{"line":36,"column":4},"end":{"line":38,"column":5}},"18":{"start":{"line":37,"column":6},"end":{"line":37,"column":62}},"19":{"start":{"line":40,"column":4},"end":{"line":40,"column":32}},"20":{"start":{"line":43,"column":4},"end":{"line":43,"column":58}},"21":{"start":{"line":50,"column":23},"end":{"line":57,"column":3}},"22":{"start":{"line":58,"column":23},"end":{"line":74,"column":3}},"23":{"start":{"line":75,"column":0},"end":{"line":78,"column":1}},"24":{"start":{"line":83,"column":40},"end":{"line":83,"column":66}},"25":{"start":{"line":84,"column":39},"end":{"line":84,"column":76}},"26":{"start":{"line":85,"column":25},"end":{"line":85,"column":59}},"27":{"start":{"line":86,"column":2},"end":{"line":91,"column":4}}},"fnMap":{"0":{"name":"getCoordinates","decl":{"start":{"line":4,"column":22},"end":{"line":4,"column":36}},"loc":{"start":{"line":4,"column":43},"end":{"line":18,"column":1}},"line":4},"1":{"name":"getWeather","decl":{"start":{"line":21,"column":22},"end":{"line":21,"column":32}},"loc":{"start":{"line":21,"column":54},"end":{"line":45,"column":1}},"line":21},"2":{"name":"getWeatherDescription","decl":{"start":{"line":49,"column":16},"end":{"line":49,"column":37}},"loc":{"start":{"line":49,"column":44},"end":{"line":79,"column":1}},"line":49},"3":{"name":"getWeatherForCity","decl":{"start":{"line":82,"column":22},"end":{"line":82,"column":39}},"loc":{"start":{"line":82,"column":46},"end":{"line":92,"column":1}},"line":82}},"branchMap":{"0":{"loc":{"start":{"line":8,"column":2},"end":{"line":8,"column":73}},"type":"if","locations":[{"start":{"line":8,"column":2},"end":{"line":8,"column":73}},{"start":{},"end":{}}],"line":8},"1":{"loc":{"start":{"line":12,"column":2},"end":{"line":14,"column":3}},"type":"if","locations":[{"start":{"line":12,"column":2},"end":{"line":14,"column":3}},{"start":{},"end":{}}],"line":12},"2":{"loc":{"start":{"line":12,"column":6},"end":{"line":12,"column":54}},"type":"binary-expr","locations":[{"start":{"line":12,"column":6},"end":{"line":12,"column":22}},{"start":{"line":12,"column":26},"end":{"line":12,"column":54}}],"line":12},"3":{"loc":{"start":{"line":23,"column":4},"end":{"line":25,"column":5}},"type":"if","locations":[{"start":{"line":23,"column":4},"end":{"line":25,"column":5}},{"start":{},"end":{}}],"line":23},"4":{"loc":{"start":{"line":23,"column":8},"end":{"line":23,"column":69}},"type":"binary-expr","locations":[{"start":{"line":23,"column":8},"end":{"line":23,"column":36}},{"start":{"line":23,"column":40},"end":{"line":23,"column":69}}],"line":23},"5":{"loc":{"start":{"line":30,"column":4},"end":{"line":32,"column":5}},"type":"if","locations":[{"start":{"line":30,"column":4},"end":{"line":32,"column":5}},{"start":{},"end":{}}],"line":30},"6":{"loc":{"start":{"line":36,"column":4},"end":{"line":38,"column":5}},"type":"if","locations":[{"start":{"line":36,"column":4},"end":{"line":38,"column":5}},{"start":{},"end":{}}],"line":36},"7":{"loc":{"start":{"line":76,"column":8},"end":{"line":76,"column":57}},"type":"binary-expr","locations":[{"start":{"line":76,"column":8},"end":{"line":76,"column":26}},{"start":{"line":76,"column":30},"end":{"line":76,"column":57}}],"line":76},"8":{"loc":{"start":{"line":77,"column":8},"end":{"line":77,"column":33}},"type":"binary-expr","locations":[{"start":{"line":77,"column":8},"end":{"line":77,"column":26}},{"start":{"line":77,"column":30},"end":{"line":77,"column":33}}],"line":77}},"s":{"0":5,"1":5,"2":4,"3":0,"4":4,"5":4,"6":2,"7":2,"8":2,"9":5,"10":5,"11":2,"12":3,"13":3,"14":3,"15":1,"16":2,"17":2,"18":0,"19":2,"20":3,"21":5,"22":5,"23":5,"24":1,"25":1,"26":1,"27":1},"f":{"0":5,"1":5,"2":5,"3":1},"b":{"0":[0,4],"1":[2,2],"2":[4,3],"3":[2,3],"4":[5,4],"5":[1,2],"6":[0,2],"7":[5,2],"8":[5,2]},"_coverageSchema":"1a1c01bbd47fc00a2c39e90264f33305004495a9","hash":"6b2464ec8fc6a50d71b5b33fc41057def639fd07"}
}
