TN:
SF:src/weather.js
FN:4,getCoordinates
FN:21,getWeather
FN:49,getWeatherDescription
FN:82,getWeatherForCity
FNF:4
FNH:4
FNDA:5,getCoordinates
FNDA:5,getWeather
FNDA:5,getWeatherDescription
FNDA:1,getWeatherForCity
DA:5,5
DA:6,5
DA:8,4
DA:10,4
DA:12,4
DA:13,2
DA:16,2
DA:17,2
DA:22,5
DA:23,5
DA:24,2
DA:27,3
DA:28,3
DA:30,3
DA:31,1
DA:34,2
DA:36,2
DA:37,0
DA:40,2
DA:43,3
DA:50,5
DA:58,5
DA:75,5
DA:83,1
DA:84,1
DA:85,1
DA:86,1
LF:27
LH:26
BRDA:8,0,0,0
BRDA:8,0,1,4
BRDA:12,1,0,2
BRDA:12,1,1,2
BRDA:12,2,0,4
BRDA:12,2,1,3
BRDA:23,3,0,2
BRDA:23,3,1,3
BRDA:23,4,0,5
BRDA:23,4,1,4
BRDA:30,5,0,1
BRDA:30,5,1,2
BRDA:36,6,0,0
BRDA:36,6,1,2
BRDA:76,7,0,5
BRDA:76,7,1,2
BRDA:77,8,0,5
BRDA:77,8,1,2
BRF:18
BRH:16
end_of_record
